22:02:45.013 [main                     ] DEBUG Logger               - Configured Logger
22:02:45.045 [main                     ] DEBUG GameApplication      - Logging settings
Title: Lab4
Version: 0.0.1
Width: 1920
Height: 1080
Fullscreen: false
Intro: false
Profiling: false
Single step:false
App Mode: DEVELOPER
Menu Key: ESCAPE
Stage Style: DECORATED
Scene Factory: class com.almasb.fxgl.app.scene.SceneFactory

22:02:46.023 [JavaFX Application Thread] DEBUG FXGLApplication      - Initializing FXGL
22:02:46.026 [JavaFX Application Thread] INFO  Engine               - FXGL-21.1 (27.03.2024 07.52) on WINDOWS (J:21.0.2 FX:21)
22:02:46.026 [JavaFX Application Thread] DEBUG Engine               - JRE Vendor Name: Oracle Corporation
22:02:46.026 [JavaFX Application Thread] DEBUG Engine               - Running on OS: Windows 11 version 10.0
22:02:46.026 [JavaFX Application Thread] DEBUG Engine               - Architecture: amd64
22:02:46.026 [JavaFX Application Thread] INFO  Engine               - Source code and latest versions at: https://github.com/AlmasB/FXGL
22:02:46.026 [JavaFX Application Thread] INFO  Engine               -       Ask questions and discuss at: https://github.com/AlmasB/FXGL/discussions
22:02:46.026 [JavaFX Application Thread] INFO  Engine               -              Join the FXGL chat at: https://gitter.im/AlmasB/FXGL
22:02:46.145 [JavaFX Application Thread] DEBUG PrimaryStageWindow   - Creating a JavaFX scene
22:02:46.145 [JavaFX Application Thread] DEBUG PrimaryStageWindow   - Target size > screen size
22:02:46.212 [JavaFX Application Thread] DEBUG PrimaryStageWindow   - Target settings size: 1920.0 x 1080.0
22:02:46.212 [JavaFX Application Thread] DEBUG PrimaryStageWindow   - Scaled scene size:    1425.0 x 815.0
22:02:46.212 [JavaFX Application Thread] DEBUG PrimaryStageWindow   - Scaled ratio: (0.7421875, 0.7546296296296297)
22:02:46.213 [JavaFX Application Thread] DEBUG PrimaryStageWindow   - Set initial scene to FXGLStartupScene
22:02:46.216 [JavaFX Application Thread] DEBUG PrimaryStageWindow   - Opening main window
22:02:46.321 [JavaFX Application Thread] DEBUG PrimaryStageWindow   - Window border size: (15.0, 37.79998779296875)
22:02:46.321 [JavaFX Application Thread] DEBUG PrimaryStageWindow   - Scaled size: 1425.0 x 815.0
22:02:46.321 [JavaFX Application Thread] DEBUG PrimaryStageWindow   - Scaled ratio: (0.7421875, 0.7546296296296297)
22:02:46.321 [JavaFX Application Thread] DEBUG PrimaryStageWindow   - Scene size: 1425.0 x 815.0
22:02:46.321 [JavaFX Application Thread] DEBUG PrimaryStageWindow   - Stage size: 1440.0 x 852.7999877929688
22:02:46.329 [FXGL Background Thread 1 ] DEBUG Engine               - Initializing environment variables
22:02:46.363 [FXGL Background Thread 1 ] DEBUG FXGLAssetLoaderServi - User app class for loading assets: class my.kursova21.Lab4
22:02:46.363 [FXGL Background Thread 1 ] DEBUG GameApplicationServi - Applying CSS: fxgl_dark.css
22:02:46.363 [FXGL Background Thread 1 ] DEBUG FXGLAssetLoaderServi - Loading from file system: jar:file:///C:/Users/dimas/.m2/repository/com/github/almasb/fxgl/21.1/fxgl-21.1.jar!/fxglassets/ui/css/fxgl_dark.css
22:02:46.402 [FXGL Background Thread 1 ] DEBUG GameApplicationServi - Initializing application scenes
22:02:46.439 [FXGL Background Thread 1 ] DEBUG GameWorld            - Game world initialized
22:02:46.492 [FXGL Background Thread 1 ] DEBUG PhysicsWorld         - Physics world initialized: appHeight=1080, physics.ppm=50,0
22:02:46.492 [FXGL Background Thread 1 ] DEBUG PhysicsWorld         - Using strategy: BRUTE_FORCE
22:02:46.497 [FXGL Background Thread 1 ] DEBUG GameScene            - Game scene initialized: 1920x1080
22:02:46.507 [FXGL Background Thread 1 ] DEBUG FXGL.DefaultMenu     - createMenuBodyGameMenu()
22:02:46.518 [FXGL Background Thread 1 ] DEBUG FXGL.DefaultMenu     - createOptionsMenu()
22:02:46.525 [FXGL Background Thread 1 ] DEBUG FXGLAssetLoaderServi - Loading from file system: jar:file:///C:/Users/dimas/.m2/repository/com/github/almasb/fxgl/21.1/fxgl-21.1.jar!/fxglassets/textures/particles/smoke.png
22:02:46.606 [FXGL Background Thread 1 ] DEBUG FXGLAssetLoaderServi - Loading from file system: jar:file:///C:/Users/dimas/.m2/repository/com/github/almasb/fxgl/21.1/fxgl-21.1.jar!/fxglassets/textures/particles/trace_horizontal.png
22:02:46.625 [FXGL Background Thread 1 ] DEBUG GameApplicationServi - Application scenes initialized
22:02:46.634 [FXGL Background Thread 1 ] DEBUG SystemBundleService  - Loading FXGL system data
22:02:46.636 [FXGL Background Thread 1 ] DEBUG FileSystemAccess     - Reading from: D:\java_projects\Kursova2.1\system\fxgl.bundle
22:02:46.638 [FXGL Background Thread 1 ] DEBUG SystemBundleService  - Bundle FXGL: {}
22:02:46.638 [FXGL Background Thread 1 ] DEBUG UpdaterService       - Checking for updates
22:02:46.654 [FXGL Background Thread 4 ] DEBUG FXGLApplication      - Loading fonts
22:02:46.655 [FXGL Background Thread 4 ] DEBUG FXGLAssetLoaderServi - Loading from file system: jar:file:///C:/Users/dimas/.m2/repository/com/github/almasb/fxgl/21.1/fxgl-21.1.jar!/fxglassets/ui/fonts/VarelaRound-Regular.ttf
22:02:46.655 [FXGL Background Thread 1 ] DEBUG FXGLApplication      - Loading default localization
22:02:46.655 [FXGL Background Thread 1 ] DEBUG FXGLAssetLoaderServi - Loading from file system: jar:file:///C:/Users/dimas/.m2/repository/com/github/almasb/fxgl/21.1/fxgl-21.1.jar!/fxglassets/languages/english.lang
22:02:46.669 [FXGL Background Thread 4 ] DEBUG FXGLAssetLoaderServi - Loading from file system: jar:file:///C:/Users/dimas/.m2/repository/com/github/almasb/fxgl/21.1/fxgl-21.1.jar!/fxglassets/ui/fonts/Abel-Regular.ttf
22:02:46.676 [FXGL Background Thread 1 ] INFO  FXGLApplication      - FXGL initialization took: 0,346 sec
22:02:46.676 [JavaFX Application Thread] DEBUG FXGLAssetLoaderServi - Loading from file system: file:/D:/java_projects/Kursova2.1/target/classes/assets/textures/
22:02:46.681 [FXGL Background Thread 4 ] DEBUG FXGLAssetLoaderServi - Loading from file system: jar:file:///C:/Users/dimas/.m2/repository/com/github/almasb/fxgl/21.1/fxgl-21.1.jar!/fxglassets/ui/fonts/TerminalLandMono-Regular.otf
22:02:46.692 [FXGL Background Thread 4 ] DEBUG FXGLAssetLoaderServi - Loading from file system: jar:file:///C:/Users/dimas/.m2/repository/com/github/almasb/fxgl/21.1/fxgl-21.1.jar!/fxglassets/ui/fonts/Courier-Prime.ttf
22:02:46.704 [JavaFX Application Thread] WARN  FXGLAssetLoaderServi - Failed to load file:/D:/java_projects/Kursova2.1/target/classes/assets/textures/
com.sun.javafx.iio.ImageStorageException: No loader for image data
	at javafx.graphics@21/com.sun.javafx.iio.ImageStorage.loadAll(ImageStorage.java:398)
	at javafx.graphics@21/com.sun.javafx.tk.quantum.PrismImageLoader2.loadAll(PrismImageLoader2.java:134)
	at javafx.graphics@21/com.sun.javafx.tk.quantum.PrismImageLoader2.<init>(PrismImageLoader2.java:71)
	at javafx.graphics@21/com.sun.javafx.tk.quantum.QuantumToolkit.loadImage(QuantumToolkit.java:804)
	at javafx.graphics@21/javafx.scene.image.Image.loadImage(Image.java:1075)
	at javafx.graphics@21/javafx.scene.image.Image.initialize(Image.java:821)
	at javafx.graphics@21/javafx.scene.image.Image.<init>(Image.java:628)
	at com.almasb.fxgl.all@21.1/com.almasb.fxgl.app.services.ImageAssetLoader.load(FXGLAssetLoaderService.kt:658)
	at com.almasb.fxgl.all@21.1/com.almasb.fxgl.app.services.ImageAssetLoader.load(FXGLAssetLoaderService.kt:653)
	at com.almasb.fxgl.all@21.1/com.almasb.fxgl.app.services.AssetLoader.load(FXGLAssetLoaderService.kt:642)
	at com.almasb.fxgl.all@21.1/com.almasb.fxgl.app.services.FXGLAssetLoaderService.load(FXGLAssetLoaderService.kt:547)
	at com.almasb.fxgl.all@21.1/com.almasb.fxgl.app.services.FXGLAssetLoaderService.load(FXGLAssetLoaderService.kt:524)
	at com.almasb.fxgl.all@21.1/com.almasb.fxgl.app.services.FXGLAssetLoaderService.load(FXGLAssetLoaderService.kt:513)
	at com.almasb.fxgl.all@21.1/com.almasb.fxgl.app.services.FXGLAssetLoaderService.loadImage(FXGLAssetLoaderService.kt:171)
	at com.almasb.fxgl.all@21.1/com.almasb.fxgl.app.FXGLApplication$GameApplicationService.onMainLoopStarting(FXGLApplication.kt:552)
	at com.almasb.fxgl.all@21.1/com.almasb.fxgl.app.Engine.startLoop(Engine.kt:154)
	at com.almasb.fxgl.all@21.1/com.almasb.fxgl.app.FXGLApplication.startImpl$lambda$3(FXGLApplication.kt:147)
	at com.almasb.fxgl.core@21.1/com.almasb.fxgl.core.concurrent.IOTask.succeed(IOTask.java:164)
	at com.almasb.fxgl.core@21.1/com.almasb.fxgl.core.concurrent.IOTask$1.succeeded(IOTask.java:153)
	at javafx.graphics@21/javafx.concurrent.Task.setState(Task.java:726)
	at javafx.graphics@21/javafx.concurrent.Task$TaskCallable.lambda$call$1(Task.java:1410)
	at javafx.graphics@21/com.sun.javafx.application.PlatformImpl.lambda$runLater$10(PlatformImpl.java:456)
	at java.base/java.security.AccessController.doPrivileged(AccessController.java:400)
	at javafx.graphics@21/com.sun.javafx.application.PlatformImpl.lambda$runLater$11(PlatformImpl.java:455)
	at javafx.graphics@21/com.sun.glass.ui.InvokeLaterDispatcher$Future.run(InvokeLaterDispatcher.java:95)
	at javafx.graphics@21/com.sun.glass.ui.win.WinApplication._runLoop(Native Method)
	at javafx.graphics@21/com.sun.glass.ui.win.WinApplication.lambda$runLoop$3(WinApplication.java:185)
	at java.base/java.lang.Thread.run(Thread.java:1583)

22:02:46.711 [JavaFX Application Thread] DEBUG FXGLAssetLoaderServi - Loading from file system: jar:file:///C:/Users/dimas/.m2/repository/com/github/almasb/fxgl/21.1/fxgl-21.1.jar!/fxglassets/textures/fxgl_default_cursor.png
22:02:46.719 [JavaFX Application Thread] DEBUG Input                - Registered new binding: Screenshot - CTRL+8
22:02:46.719 [JavaFX Application Thread] DEBUG Input                - Registered new binding: Dev Options - 1
22:02:46.719 [JavaFX Application Thread] DEBUG Input                - Registered new binding: Dev Console - 2
22:02:46.720 [JavaFX Application Thread] DEBUG Input                - Registered new binding: System info dump - CTRL+9
22:02:46.720 [JavaFX Application Thread] DEBUG Input                - Registered new binding: Restart - CTRL+R
22:02:46.720 [JavaFX Application Thread] DEBUG Input                - Registered new binding: Toggle Debug Camera - CTRL+7
22:02:46.722 [JavaFX Application Thread] DEBUG LoopRunner           - Starting loop
22:02:46.730 [JavaFX Application Thread] DEBUG LoopRunner           - Initializing JavaFX AnimationTimerLoop
22:02:46.731 [JavaFX Application Thread] DEBUG GameApplicationServi - Starting new game
22:02:46.731 [JavaFX Application Thread] DEBUG Input                - Clearing active input actions
22:02:46.740 [JavaFX Application Thread] DEBUG GameApplicationServi - Removing overlay from FXGLStartupScene and adding to FXGLLoadingScene
22:02:46.743 [JavaFX Application Thread] DEBUG PrimaryStageWindow   - FXGLStartupScene -> FXGLLoadingScene
22:02:46.743 [JavaFX Application Thread] DEBUG GameApplicationServi - Clearing previous game
22:02:46.743 [JavaFX Application Thread] DEBUG GameScene            - Clearing game scene
22:02:46.744 [JavaFX Application Thread] DEBUG GameWorld            - Clearing game world
22:02:46.744 [JavaFX Application Thread] DEBUG PhysicsWorld         - Clearing physics world
22:02:46.746 [FXGL Background Thread 4 ] DEBUG FXGLApplication      - Initializing game
22:02:46.746 [JavaFX Application Thread] DEBUG FXGLApplication      - Registering font factories with UI factory
22:02:46.946 [FXGL Background Thread 4 ] WARN  Entity               - Entity already has component: com.almasb.fxgl.entity.components.CollidableComponent
22:02:47.229 [FXGL Background Thread 4 ] DEBUG Input                - Registered new binding: Active MicroObject or DeActivate MicroObject - LMB
22:02:47.230 [FXGL Background Thread 4 ] DEBUG Input                - Registered new binding: CopyAction - CTRL+C
22:02:47.230 [FXGL Background Thread 4 ] DEBUG Input                - Registered new binding: insertFromBuffer - CTRL+V
22:02:47.230 [FXGL Background Thread 4 ] DEBUG Input                - Registered new binding: moveOnArrowRight - Right
22:02:47.230 [FXGL Background Thread 4 ] DEBUG Input                - Registered new binding: moveOnArrowLeft - Left
22:02:47.230 [FXGL Background Thread 4 ] DEBUG Input                - Registered new binding: moveOnArrowUp - Up
22:02:47.230 [FXGL Background Thread 4 ] DEBUG Input                - Registered new binding: moveOnArrowDown - Down
22:02:47.231 [FXGL Background Thread 4 ] DEBUG Input                - Registered new binding: deleteAllActiveMicroObjects - Delete
22:02:47.231 [FXGL Background Thread 4 ] DEBUG Input                - Registered new binding: deActiveAllActiveMicroObjects - Esc
22:02:47.231 [FXGL Background Thread 4 ] DEBUG Input                - Registered new binding: insertNewMicroObject - Insert
22:02:47.231 [FXGL Background Thread 4 ] DEBUG Input                - Registered new binding: editObject - RMB
22:02:47.231 [FXGL Background Thread 4 ] INFO  FXGLApplication      - Game initialization took: 0,486 sec
22:02:47.246 [JavaFX Application Thread] DEBUG Input                - Clearing active input actions
22:02:47.251 [JavaFX Application Thread] DEBUG GameApplicationServi - Removing overlay from FXGLLoadingScene and adding to GameScene
22:02:47.254 [JavaFX Application Thread] DEBUG PrimaryStageWindow   - FXGLLoadingScene -> GameScene
22:02:49.235 [JavaFX Application Thread] DEBUG FXGLApplication      - Exiting FXGL
22:02:49.236 [JavaFX Application Thread] DEBUG LoopRunner           - Stopping loop
22:02:49.236 [JavaFX Application Thread] DEBUG SystemBundleService  - Saving FXGL system data
22:02:49.237 [JavaFX Application Thread] DEBUG FileSystemAccess     - Writing to: D:\java_projects\Kursova2.1\system\fxgl.bundle
22:02:49.237 [JavaFX Application Thread] DEBUG Async                - Shutting down background threads
22:02:49.237 [JavaFX Application Thread] DEBUG PrimaryStageWindow   - Closing main window
22:02:49.250 [JavaFX Application Thread] DEBUG Logger               - Closing Logger
